{"synthetic": false,
 "schemaVersion": "2025-09-10",
 "outputs":
 {"o": ["05c0e9bc72004278.olean"],
  "i": "f40093d5536aea85.ilean",
  "c": "0f36c17b3fd95da7.c"},
 "log":
 [{"message":
   ".> LEAN_PATH=/Users/heartpunk/.lake-shared/packages/Cli/.lake/build/lib/lean:/Users/heartpunk/.lake-shared/packages/batteries/.lake/build/lib/lean:/Users/heartpunk/.lake-shared/packages/Qq/.lake/build/lib/lean:/Users/heartpunk/.lake-shared/packages/aesop/.lake/build/lib/lean:/Users/heartpunk/.lake-shared/packages/proofwidgets/.lake/build/lib/lean:/Users/heartpunk/.lake-shared/packages/importGraph/.lake/build/lib/lean:/Users/heartpunk/.lake-shared/packages/LeanSearchClient/.lake/build/lib/lean:/Users/heartpunk/.lake-shared/packages/plausible/.lake/build/lib/lean:/Users/heartpunk/.lake-shared/packages/mathlib/.lake/build/lib/lean:/Users/heartpunk/code/learnability/.lake/build/lib/lean /Users/heartpunk/.elan/toolchains/leanprover--lean4---v4.27.0/bin/lean /Users/heartpunk/code/learnability/CoinductiveBisimulation.lean -o /Users/heartpunk/code/learnability/.lake/build/lib/lean/CoinductiveBisimulation.olean -i /Users/heartpunk/code/learnability/.lake/build/lib/lean/CoinductiveBisimulation.ilean -c /Users/heartpunk/code/learnability/.lake/build/ir/CoinductiveBisimulation.c --setup /Users/heartpunk/code/learnability/.lake/build/ir/CoinductiveBisimulation.setup.json --json",
   "level": "trace"}],
 "inputs":
 [["CoinductiveBisimulation:deps",
   [["deps",
     [["learnability/CoinductiveBisimulation:extraDep",
       [["@learnability:extraDep", "00000000000006bb"]]],
      ["imports",
       [["Learnability transitive imports (legacy)", "5293b6f60d91c6cb"],
        ["Learnability:importAllArts", "516519a43ec5be02"]]]]],
    ["libs",
     [["import dynlibs", "00000000000006bb"],
      ["package external libraries", "00000000000006bb"],
      ["module dynlibs", "00000000000006bb"],
      ["module plugins", "00000000000006bb"]]]]],
  ["Lean 4.27.0, commit db93fe1608548721853390a10cd40580fe7d22ae",
   "9a2be90fd35343e5"],
  ["/Users/heartpunk/code/learnability/CoinductiveBisimulation.lean",
   "2f13b41fe4555965"],
  ["options",
   [["-DrelaxedAutoImplicit=false", "74a2b5546b55be80"],
    ["-DautoImplicit=false", "4a85acb881fd49d0"]]],
  ["Module.leanArgs: #[]", "00000000000006bb"]],
 "depHash": "2938ae1996f30ebf"}