{"synthetic": false,
 "schemaVersion": "2025-09-10",
 "outputs":
 {"o": ["21f3fcdd6aed6c27.olean"],
  "i": "a48cf4aeec49735a.ilean",
  "c": "bddf7f90fd64a259.c"},
 "log":
 [{"message":
   ".> LEAN_PATH=/Users/heartpunk/.lake-shared/packages/Cli/.lake/build/lib/lean:/Users/heartpunk/.lake-shared/packages/batteries/.lake/build/lib/lean:/Users/heartpunk/.lake-shared/packages/Qq/.lake/build/lib/lean:/Users/heartpunk/.lake-shared/packages/aesop/.lake/build/lib/lean:/Users/heartpunk/.lake-shared/packages/proofwidgets/.lake/build/lib/lean:/Users/heartpunk/.lake-shared/packages/importGraph/.lake/build/lib/lean:/Users/heartpunk/.lake-shared/packages/LeanSearchClient/.lake/build/lib/lean:/Users/heartpunk/.lake-shared/packages/plausible/.lake/build/lib/lean:/Users/heartpunk/.lake-shared/packages/mathlib/.lake/build/lib/lean:/Users/heartpunk/code/learnability/.lake/build/lib/lean /Users/heartpunk/.elan/toolchains/leanprover--lean4---v4.27.0/bin/lean /Users/heartpunk/code/learnability/Convergence.lean -o /Users/heartpunk/code/learnability/.lake/build/lib/lean/Convergence.olean -i /Users/heartpunk/code/learnability/.lake/build/lib/lean/Convergence.ilean -c /Users/heartpunk/code/learnability/.lake/build/ir/Convergence.c --setup /Users/heartpunk/code/learnability/.lake/build/ir/Convergence.setup.json --json",
   "level": "trace"}],
 "inputs":
 [["Convergence:deps",
   [["deps",
     [["learnability/Convergence:extraDep",
       [["@learnability:extraDep", "00000000000006bb"]]],
      ["imports",
       [["ConditionalSimulation transitive imports (legacy)",
         "d7b2fe6574ca4eb0"],
        ["ConditionalSimulation:importAllArts", "6b174ee9718c239e"],
        ["Mathlib.Data.Finset.Basic transitive imports (legacy)",
         "732f38f1e4c71d79"],
        ["Mathlib.Data.Finset.Basic:importAllArts", "1ec6b155e2444648"],
        ["Mathlib.Data.Finset.Card transitive imports (legacy)",
         "68b38e56b1aa328f"],
        ["Mathlib.Data.Finset.Card:importAllArts", "dfd1b2e7b41d681f"],
        ["Mathlib.Data.Fintype.Basic transitive imports (legacy)",
         "ba512e783d5593a7"],
        ["Mathlib.Data.Fintype.Basic:importAllArts", "b63d92dc2cd6b134"],
        ["Mathlib.Data.Fintype.Card transitive imports (legacy)",
         "cb29bcc909f6d15d"],
        ["Mathlib.Data.Fintype.Card:importAllArts", "56ca565ee446728b"]]]]],
    ["libs",
     [["import dynlibs", "00000000000006bb"],
      ["package external libraries", "00000000000006bb"],
      ["module dynlibs", "00000000000006bb"],
      ["module plugins", "00000000000006bb"]]]]],
  ["Lean 4.27.0, commit db93fe1608548721853390a10cd40580fe7d22ae",
   "9a2be90fd35343e5"],
  ["/Users/heartpunk/code/learnability/Convergence.lean", "3128a0e48493c41d"],
  ["options",
   [["-DrelaxedAutoImplicit=false", "74a2b5546b55be80"],
    ["-DautoImplicit=false", "4a85acb881fd49d0"]]],
  ["Module.leanArgs: #[]", "00000000000006bb"]],
 "depHash": "4eb7c11a7b00fbd6"}